<?xml version="1.0" encoding="UTF-8" ?>
<testsuite failures="0" time="54.824" errors="0" skipped="0" tests="3" name="com.dreamit.proxystat.integration.IntegrationTestAdmin">
  <properties>
[...]
</properties>
  <testcase time="37.977" classname="com.dreamit.proxystat.integration.IntegrationTestAdmin" name="testCanDeleteComments"/>
  <testcase time="10.604" classname="com.dreamit.proxystat.integration.IntegrationTestAdmin" name="testCanAddSeason"/>
  <testcase time="6.146" classname="com.dreamit.proxystat.integration.IntegrationTestAdmin" name="testCanUpdateOrDeleteSeason"/>
</testsuite>